<?xml version="1.0" encoding="UTF-8"?>
<!-- Generated by org.testng.reporters.JUnitReportReporter -->
<testsuite hostname="DESKTOP-RI3J5P1" failures="0" tests="1" name="Practice.XploreTestScipt" time="8.633" errors="0" timestamp="2024-11-07T11:23:16 GMT-08:00" skipped="0">
  <testcase classname="Practice.XploreTestScipt" name="run" time="8.633"/>
</testsuite> <!-- Practice.XploreTestScipt -->
