<?xml version="1.0" encoding="UTF-8"?>
<!-- Generated by org.testng.reporters.JUnitReportReporter -->
<testsuite hostname="DESKTOP-8FPHGBH" failures="0" tests="1" name="batchExecution.Sql" time="5.137" errors="0" timestamp="23 Feb 2024 05:45:34 GMT" skipped="0">
  <testcase classname="batchExecution.Sql" name="search" time="5.137"/>
</testsuite> <!-- batchExecution.Sql -->
