<?xml version="1.0" encoding="UTF-8"?>
<!-- Generated by org.testng.reporters.JUnitReportReporter -->
<testsuite hostname="DESKTOP-8FPHGBH" failures="0" tests="4" name="learningTestNG.Annotations" time="0.018" errors="0" timestamp="23 Feb 2024 19:00:46 GMT" skipped="0">
  <testcase classname="learningTestNG.Annotations" name="SearchProduct" time="0.014"/>
  <testcase classname="learningTestNG.Annotations" name="buyProduct" time="0.002"/>
  <testcase classname="learningTestNG.Annotations" name="addToCart" time="0.001"/>
  <testcase classname="learningTestNG.Annotations" name="login" time="0.001"/>
</testsuite> <!-- learningTestNG.Annotations -->
