<?xml version="1.0" encoding="UTF-8"?>
<!-- Generated by org.testng.reporters.JUnitReportReporter -->
<testsuite hostname="DESKTOP-8FPHGBH" failures="0" tests="1" name="learningTestNG.ConfigureAnnotations" time="0.010" errors="0" timestamp="23 Feb 2024 19:00:53 GMT" skipped="0">
  <testcase classname="learningTestNG.ConfigureAnnotations" name="runTestScript" time="0.010"/>
</testsuite> <!-- learningTestNG.ConfigureAnnotations -->
