<?xml version="1.0" encoding="UTF-8"?>
<!-- Generated by org.testng.reporters.JUnitReportReporter -->
<testsuite hostname="DESKTOP-8FPHGBH" failures="0" tests="1" name="learningTestNG.Basic" time="0.012" errors="0" timestamp="23 Feb 2024 18:12:41 GMT" skipped="0">
  <testcase classname="learningTestNG.Basic" name="login" time="0.012"/>
</testsuite> <!-- learningTestNG.Basic -->
