<?xml version="1.0" encoding="UTF-8"?>
<!-- Generated by org.testng.reporters.JUnitReportReporter -->
<testsuite hostname="DESKTOP-8FPHGBH" failures="0" tests="1" name="batchExecution.java" time="5.196" errors="0" timestamp="23 Feb 2024 18:21:21 GMT" skipped="0">
  <testcase classname="batchExecution.java" name="run" time="5.196"/>
</testsuite> <!-- batchExecution.java -->
